<?xml version="1.0" encoding="UTF-8"?>
<!-- Generated by org.testng.reporters.JUnitReportReporter -->
<testsuite hostname="EPHUDEBW0136" name="HeaderTests" tests="6" failures="0" timestamp="25 May 2016 12:18:15 GMT" time="56.723" errors="0">
  <testcase name="checkAllApps" time="9.575" classname="HeaderTests"/>
  <testcase name="checkTheOwnProfile" time="8.920" classname="HeaderTests"/>
  <testcase name="checkTheSearchFieldWithSubmit" time="9.350" classname="HeaderTests"/>
  <testcase name="checkTheNotifications" time="8.936" classname="HeaderTests"/>
  <testcase name="checkAValidLoginAndLogout" time="10.370" classname="HeaderTests"/>
  <testcase name="checkTheHeaderIcon" time="9.572" classname="HeaderTests"/>
</testsuite> <!-- HeaderTests -->
