<?xml version="1.0" encoding="UTF-8"?>
<!-- Generated by org.testng.reporters.JUnitReportReporter -->
<testsuite hostname="EPHUDEBW0136" name="HeaderTests" tests="1" failures="0" timestamp="25 May 2016 06:21:57 GMT" time="10.623" errors="0">
  <testcase name="checkAValidLoginAndLogout" time="10.623" classname="HeaderTests"/>
</testsuite> <!-- HeaderTests -->
